<?xml version="1.0" encoding="UTF-8"?>
<!-- Generated by org.testng.reporters.JUnitReportReporter -->
<testsuite hostname="DESKTOP-OI0EMI2" failures="0" tests="2" name="TestNgbasics.Simple" time="0.021" errors="0" timestamp="2023-08-28T14:53:34 IST" skipped="1">
  <testcase classname="TestNgbasics.Simple" name="TC1" time="0.021"/>
  <system-out>
    <![CDATA[TC1 is pass]]>
  </system-out>
  <testcase classname="TestNgbasics.Simple" name="TC2">
    <skipped/>
  </testcase> <!-- TC2 -->
  <system-out/>
</testsuite> <!-- TestNgbasics.Simple -->
